0 info it worked if it ends with ok
1 verbose cli [ '/Users/samuelbernheim/.nvm/versions/node/v6.11.1/bin/node',
1 verbose cli   '/Users/samuelbernheim/.nvm/versions/node/v6.11.1/bin/npm',
1 verbose cli   'publish' ]
2 info using npm@3.10.10
3 info using node@v6.11.1
4 verbose publish [ '.' ]
5 silly cache add args [ '.', null ]
6 verbose cache add spec .
7 silly cache add parsed spec Result {
7 silly cache add   raw: '.',
7 silly cache add   scope: null,
7 silly cache add   escapedName: null,
7 silly cache add   name: null,
7 silly cache add   rawSpec: '.',
7 silly cache add   spec: '/Users/samuelbernheim/Github-Projects/weatherterm',
7 silly cache add   type: 'directory' }
8 verbose addLocalDirectory /Users/samuelbernheim/.npm/weatherterm/1.0.2/package.tgz not in flight; packing
9 verbose correctMkdir /Users/samuelbernheim/.npm correctMkdir not in flight; initializing
10 info lifecycle weatherterm@1.0.2~prepublish: weatherterm@1.0.2
11 silly lifecycle weatherterm@1.0.2~prepublish: no script for prepublish, continuing
12 verbose tar pack [ '/Users/samuelbernheim/.npm/weatherterm/1.0.2/package.tgz',
12 verbose tar pack   '/Users/samuelbernheim/Github-Projects/weatherterm' ]
13 verbose tarball /Users/samuelbernheim/.npm/weatherterm/1.0.2/package.tgz
14 verbose folder /Users/samuelbernheim/Github-Projects/weatherterm
15 verbose addLocalTarball adding from inside cache /Users/samuelbernheim/.npm/weatherterm/1.0.2/package.tgz
16 verbose correctMkdir /Users/samuelbernheim/.npm correctMkdir not in flight; initializing
17 silly cache afterAdd weatherterm@1.0.2
18 verbose afterAdd /Users/samuelbernheim/.npm/weatherterm/1.0.2/package/package.json not in flight; writing
19 verbose correctMkdir /Users/samuelbernheim/.npm correctMkdir not in flight; initializing
20 verbose afterAdd /Users/samuelbernheim/.npm/weatherterm/1.0.2/package/package.json written
21 silly publish { name: 'weatherterm',
21 silly publish   version: '1.0.2',
21 silly publish   description: 'A terminal client to get the weather for your current location',
21 silly publish   main: 'index.js',
21 silly publish   scripts:
21 silly publish    { test: 'echo "Error: no test specified" && exit 1',
21 silly publish      lint: 'eslint ./index.js; exit 0' },
21 silly publish   repository:
21 silly publish    { type: 'git',
21 silly publish      url: 'git+https://github.com/sbernheim4/weatherterm.git' },
21 silly publish   keywords: [ 'weather', 'terminal', 'weather', 'forecast' ],
21 silly publish   author: { name: 'Samuel Bernheim' },
21 silly publish   license: 'MIT',
21 silly publish   bin: { weather: './index.js' },
21 silly publish   bugs: { url: 'https://github.com/sbernheim4/weatherterm/issues' },
21 silly publish   homepage: 'https://github.com/sbernheim4/weatherterm#readme',
21 silly publish   dependencies:
21 silly publish    { bluebird: '^3.5.0',
21 silly publish      chalk: '^2.0.1',
21 silly publish      'external-ip': '^1.3.1',
21 silly publish      'geoip-lite': '^1.2.1',
21 silly publish      request: '^2.81.0' },
21 silly publish   devDependencies: { eslint: '^4.3.0' },
21 silly publish   readme: '# About\n\nWeatherterm is a simple cli client to get the weather for your location. Once installed all you have to do is enter `weather` in your terminal to get the information printed nicely in you terminal. You get the current temperature, humidity and wind speed.\n\n# Installation\n\n`npm i -g weatherterm`\n\nNOTE: Make sure you have npm/node installed on your machine.\n\n# Future Development/Notes\n\nRight now I use the Open Weather Map API to get the information. They provide png file names in their response and I want to get these to be displayed in the body as well. Additionally, other options such as getting weather for the week, or specifiying another location are also in the works.\n\n# Contributions\n\nFeel free to send PRs or make issues in the repo. Enjoy\n',
21 silly publish   readmeFilename: 'README.md',
21 silly publish   gitHead: 'eb9a9f2b097530c7c84f090c72e279ad78cec926',
21 silly publish   _id: 'weatherterm@1.0.2',
21 silly publish   _shasum: '92ca548740013e19e7b233cf2f5049de07db585e',
21 silly publish   _from: '.' }
22 verbose getPublishConfig undefined
23 silly mapToRegistry name weatherterm
24 silly mapToRegistry using default registry
25 silly mapToRegistry registry https://registry.npmjs.org/
26 silly mapToRegistry data Result {
26 silly mapToRegistry   raw: 'weatherterm',
26 silly mapToRegistry   scope: null,
26 silly mapToRegistry   escapedName: 'weatherterm',
26 silly mapToRegistry   name: 'weatherterm',
26 silly mapToRegistry   rawSpec: '',
26 silly mapToRegistry   spec: 'latest',
26 silly mapToRegistry   type: 'tag' }
27 silly mapToRegistry uri https://registry.npmjs.org/weatherterm
28 verbose publish registryBase https://registry.npmjs.org/
29 silly publish uploading /Users/samuelbernheim/.npm/weatherterm/1.0.2/package.tgz
30 verbose request uri https://registry.npmjs.org/weatherterm
31 verbose request sending authorization for write operation
32 info attempt registry request try #1 at 9:47:41 PM
33 verbose request using bearer token for auth
34 verbose request id fae6e18ffce3108f
35 http request PUT https://registry.npmjs.org/weatherterm
36 http 403 https://registry.npmjs.org/weatherterm
37 verbose headers { 'content-type': 'application/json',
37 verbose headers   'cache-control': 'max-age=300',
37 verbose headers   'content-length': '95',
37 verbose headers   'accept-ranges': 'bytes',
37 verbose headers   date: 'Mon, 24 Jul 2017 01:47:42 GMT',
37 verbose headers   via: '1.1 varnish',
37 verbose headers   connection: 'keep-alive',
37 verbose headers   'x-served-by': 'cache-jfk8142-JFK',
37 verbose headers   'x-cache': 'MISS',
37 verbose headers   'x-cache-hits': '0',
37 verbose headers   'x-timer': 'S1500860861.356074,VS0,VE988',
37 verbose headers   vary: 'Accept-Encoding, Accept' }
38 verbose request invalidating /Users/samuelbernheim/.npm/registry.npmjs.org/weatherterm on PUT
39 error publish Failed PUT 403
40 verbose stack Error: "You cannot publish over the previously published version 1.0.2." : weatherterm
40 verbose stack     at makeError (/Users/samuelbernheim/.nvm/versions/node/v6.11.1/lib/node_modules/npm/node_modules/npm-registry-client/lib/request.js:302:12)
40 verbose stack     at CachingRegistryClient.<anonymous> (/Users/samuelbernheim/.nvm/versions/node/v6.11.1/lib/node_modules/npm/node_modules/npm-registry-client/lib/request.js:290:14)
40 verbose stack     at Request._callback (/Users/samuelbernheim/.nvm/versions/node/v6.11.1/lib/node_modules/npm/node_modules/npm-registry-client/lib/request.js:210:14)
40 verbose stack     at Request.self.callback (/Users/samuelbernheim/.nvm/versions/node/v6.11.1/lib/node_modules/npm/node_modules/request/request.js:187:22)
40 verbose stack     at emitTwo (events.js:106:13)
40 verbose stack     at Request.emit (events.js:191:7)
40 verbose stack     at Request.<anonymous> (/Users/samuelbernheim/.nvm/versions/node/v6.11.1/lib/node_modules/npm/node_modules/request/request.js:1048:10)
40 verbose stack     at emitOne (events.js:96:13)
40 verbose stack     at Request.emit (events.js:188:7)
40 verbose stack     at IncomingMessage.<anonymous> (/Users/samuelbernheim/.nvm/versions/node/v6.11.1/lib/node_modules/npm/node_modules/request/request.js:969:12)
41 verbose statusCode 403
42 verbose pkgid weatherterm
43 verbose cwd /Users/samuelbernheim/Github-Projects/weatherterm
44 error Darwin 16.6.0
45 error argv "/Users/samuelbernheim/.nvm/versions/node/v6.11.1/bin/node" "/Users/samuelbernheim/.nvm/versions/node/v6.11.1/bin/npm" "publish"
46 error node v6.11.1
47 error npm  v3.10.10
48 error code E403
49 error "You cannot publish over the previously published version 1.0.2." : weatherterm
50 error If you need help, you may report this error at:
50 error     <https://github.com/npm/npm/issues>
51 verbose exit [ 1, true ]
